 WARNING | 01-30-23 | 17:58:19 | Monday | [NO_REQUEST]: 404 | https://data.sanitino.eu/PRODUCT-81789/dea0c61d92d1a7ea825f2d19?size=feed-1080
 WARNING | 01-30-23 | 17:58:19 | Monday | [NO_REQUEST]: 404 | https://data.sanitino.eu/PRODUCT-81790/dea0c61d92d1a7ea825f2d19?size=feed-1080
 WARNING | 01-30-23 | 17:58:21 | Monday | [NO_REQUEST]: 404 | https://data.sanitino.eu/PRODUCT-81860/2bee9172b198c71417d09b94?v=26f88120&size=feed-1080
 DEBUG | 01-30-23 | 17:58:25 | Monday | 1000
 WARNING | 01-30-23 | 17:58:28 | Monday | [NO_REQUEST]: 404 | https://data.sanitino.eu/PRODUCT-38938/2f42bdd70c0bdc3f873b8215?size=feed-1080
 WARNING | 01-30-23 | 17:58:28 | Monday | [NO_REQUEST]: 404 | https://data.sanitino.eu/PRODUCT-38939/ef6c920c37b77fb1ca9c13d8?v=5de594ac&size=feed-1080
 WARNING | 01-30-23 | 17:58:28 | Monday | [NO_REQUEST]: 404 | https://data.sanitino.eu/PRODUCT-38941/d8ffbe37e8f669a21e715a26?size=feed-1080
 WARNING | 01-30-23 | 17:58:28 | Monday | [NO_REQUEST]: 404 | https://data.sanitino.eu/PRODUCT-38963/406be8dff0989723c4e4d523?v=bde87c9a&size=feed-1080
 WARNING | 01-30-23 | 17:58:28 | Monday | [NO_REQUEST]: 404 | https://data.sanitino.eu/PRODUCT-38962/e571f260c2240fa2fb10dd47?size=feed-1080
 WARNING | 01-30-23 | 17:58:28 | Monday | [NO_REQUEST]: 404 | https://data.sanitino.eu/PRODUCT-38942/154e907fd0372763cd10e0b9?size=feed-1080
 WARNING | 01-30-23 | 17:58:28 | Monday | [NO_REQUEST]: 404 | https://data.sanitino.eu/PRODUCT-38992/c1e264df44cc9bbcee189c15?size=feed-1080
 WARNING | 01-30-23 | 17:58:29 | Monday | [NO_REQUEST]: 404 | https://data.sanitino.eu/PRODUCT-38965/3ae0a74e1770bae84306850c?size=feed-1080
 WARNING | 01-30-23 | 17:58:29 | Monday | [NO_REQUEST]: 404 | https://data.sanitino.eu/PRODUCT-38964/7dffcc76da0c5ccc9fd81f96?size=feed-1080
 WARNING | 01-30-23 | 17:58:29 | Monday | [NO_REQUEST]: 404 | https://data.sanitino.eu/PRODUCT-38944/90cf7813cc5faec9db6ef4aa?size=feed-1080
 WARNING | 01-30-23 | 17:58:29 | Monday | [NO_REQUEST]: 404 | https://data.sanitino.eu/PRODUCT-38987/0bf0b416bd358159315e0306?v=ee3c061a&size=feed-1080
 WARNING | 01-30-23 | 17:58:29 | Monday | [NO_REQUEST]: 404 | https://data.sanitino.eu/PRODUCT-21933/2e5604e06a761dad71097f0d?size=feed-1080
 WARNING | 01-30-23 | 17:58:29 | Monday | [NO_REQUEST]: 404 | https://data.sanitino.eu/PRODUCT-38966/f00e68c8b7a14efadad5c812?size=feed-1080
 WARNING | 01-30-23 | 17:58:29 | Monday | [NO_REQUEST]: 404 | https://data.sanitino.eu/PRODUCT-38986/5490908ce824100a35343c7f?size=feed-1080
 WARNING | 01-30-23 | 17:58:29 | Monday | [NO_REQUEST]: 404 | https://data.sanitino.eu/PRODUCT-38940/0377037e3ac75e6d6cc36ca5?size=feed-1080
 WARNING | 01-30-23 | 17:58:29 | Monday | [NO_REQUEST]: 404 | https://data.sanitino.eu/PRODUCT-38967/4e62ae3adcce47920ab9d468?size=feed-1080
 WARNING | 01-30-23 | 17:58:29 | Monday | [NO_REQUEST]: 404 | https://data.sanitino.eu/PRODUCT-38989/dafc6e31eb359ba2699e503c?size=feed-1080
 WARNING | 01-30-23 | 17:58:29 | Monday | [NO_REQUEST]: 404 | https://data.sanitino.eu/PRODUCT-21931/a34fa6d384bc1958687e6379?size=feed-1080
 WARNING | 01-30-23 | 17:58:29 | Monday | [NO_REQUEST]: 404 | https://data.sanitino.eu/PRODUCT-38968/f07212d4069ac7528e7ebaef?size=feed-1080
 WARNING | 01-30-23 | 17:58:29 | Monday | [NO_REQUEST]: 404 | https://data.sanitino.eu/PRODUCT-38943/522723eb46b60d143bec23f5?size=feed-1080
 WARNING | 01-30-23 | 17:58:29 | Monday | [NO_REQUEST]: 404 | https://data.sanitino.eu/PRODUCT-38988/404be1a94f55ad30b5aa9ff0?size=feed-1080
 WARNING | 01-30-23 | 17:58:29 | Monday | [NO_REQUEST]: 404 | https://data.sanitino.eu/PRODUCT-21932/69e0a89e04297860cf57632e?size=feed-1080
 WARNING | 01-30-23 | 17:58:29 | Monday | [NO_REQUEST]: 404 | https://data.sanitino.eu/PRODUCT-38990/bc97888f51029d1974508de0?size=feed-1080
 WARNING | 01-30-23 | 17:58:31 | Monday | [NO_REQUEST]: 404 | https://data.sanitino.eu/PRODUCT-39004/3c3e5b78284ad7f4b93a9a81?v=9c2160b3&size=feed-1080
 WARNING | 01-30-23 | 17:58:31 | Monday | [NO_REQUEST]: 404 | https://data.sanitino.eu/PRODUCT-39006/c28974fe70fb8b89ccf01350?v=0b7aa1ca&size=feed-1080
 WARNING | 01-30-23 | 17:58:31 | Monday | [NO_REQUEST]: 404 | https://data.sanitino.eu/PRODUCT-39003/d478712bb2004d9da83e7cb1?v=b8c1f0a5&size=feed-1080
 WARNING | 01-30-23 | 17:58:31 | Monday | [NO_REQUEST]: 404 | https://data.sanitino.eu/PRODUCT-39005/0a5ad52752875148cd780ca9?v=4ef5c664&size=feed-1080
 WARNING | 01-30-23 | 17:58:31 | Monday | [NO_REQUEST]: 404 | https://data.sanitino.eu/PRODUCT-39002/5a269c9fa73004056c72549f?v=500e9ddb&size=feed-1080
 WARNING | 01-30-23 | 17:58:31 | Monday | [NO_REQUEST]: 404 | https://data.sanitino.eu/PRODUCT-38981/fe5c3f844fd33125db633224?v=222044b7&size=feed-1080
 WARNING | 01-30-23 | 17:58:31 | Monday | [NO_REQUEST]: 404 | https://data.sanitino.eu/PRODUCT-39008/fe8a2aa272b9ab14ebd975df?v=14276b9a&size=feed-1080
 WARNING | 01-30-23 | 17:58:31 | Monday | [NO_REQUEST]: 404 | https://data.sanitino.eu/PRODUCT-38980/66e2dda7f92a9ec7d36cd654?v=9f3d886f&size=feed-1080
 WARNING | 01-30-23 | 17:58:31 | Monday | [NO_REQUEST]: 404 | https://data.sanitino.eu/PRODUCT-6010/99dc723b859bd3efa3a700d9?v=b0ce2031&size=feed-1080
 WARNING | 01-30-23 | 17:58:31 | Monday | [NO_REQUEST]: 404 | https://data.sanitino.eu/PRODUCT-39007/fc452b0cb49cc28e414f9c31?v=8c553b0d&size=feed-1080
 WARNING | 01-30-23 | 17:58:31 | Monday | [NO_REQUEST]: 404 | https://data.sanitino.eu/PRODUCT-38983/7373ba34d2e4d94a30a9f2a7?v=f851f289&size=feed-1080
 WARNING | 01-30-23 | 17:58:31 | Monday | [NO_REQUEST]: 404 | https://data.sanitino.eu/PRODUCT-38982/49c0ce96404a0786f8807345?v=a1dd59aa&size=feed-1080
 WARNING | 01-30-23 | 17:58:31 | Monday | [NO_REQUEST]: 404 | https://data.sanitino.eu/PRODUCT-38984/6dc730b451b3b2fa3e5ed802?v=3f3f8519&size=feed-1080
 WARNING | 01-30-23 | 17:58:31 | Monday | [NO_REQUEST]: 404 | https://data.sanitino.eu/PRODUCT-38979/c64de929c4cfc977dd53ce73?v=de43b829&size=feed-1080
 WARNING | 01-30-23 | 17:58:31 | Monday | [NO_REQUEST]: 404 | https://data.sanitino.eu/PRODUCT-6009/5911299b064dd9ddbf14017d?v=8df5d2f1&size=feed-1080
 WARNING | 01-30-23 | 17:58:31 | Monday | [NO_REQUEST]: 404 | https://data.sanitino.eu/PRODUCT-38978/a1f3f4fe605048c4f25db702?v=6db546cb&size=feed-1080
 WARNING | 01-30-23 | 17:58:31 | Monday | [NO_REQUEST]: 404 | https://data.sanitino.eu/PRODUCT-38959/02155c88e8f7e9149fe15d0c?v=c3784037&size=feed-1080
 WARNING | 01-30-23 | 17:58:31 | Monday | [NO_REQUEST]: 404 | https://data.sanitino.eu/PRODUCT-38956/bbb044cfc01ac85f6975f2b9?v=6fc2d420&size=feed-1080
 WARNING | 01-30-23 | 17:58:31 | Monday | [NO_REQUEST]: 404 | https://data.sanitino.eu/PRODUCT-6013/7d2e18d8480a69e1ac59492d?v=410b4fd6&size=feed-1080
 WARNING | 01-30-23 | 17:58:31 | Monday | [NO_REQUEST]: 404 | https://data.sanitino.eu/PRODUCT-38957/aa4e79ef610fdfb2c3e743ef?v=cad07763&size=feed-1080
 WARNING | 01-30-23 | 17:58:31 | Monday | [NO_REQUEST]: 404 | https://data.sanitino.eu/PRODUCT-38958/057309647d448ab876075026?v=1205dfc0&size=feed-1080
 WARNING | 01-30-23 | 17:58:31 | Monday | [NO_REQUEST]: 404 | https://data.sanitino.eu/PRODUCT-38954/a5e8958400af0152afb468d5?v=32b5ae1c&size=feed-1080
 WARNING | 01-30-23 | 17:58:31 | Monday | [NO_REQUEST]: 404 | https://data.sanitino.eu/PRODUCT-38960/175b716702ac9c5651cc3b3e?v=9360d077&size=feed-1080
 WARNING | 01-30-23 | 17:58:31 | Monday | [NO_REQUEST]: 404 | https://data.sanitino.eu/PRODUCT-38955/3dee1092ba764e465bc58c3b?v=b5f693a0&size=feed-1080
 WARNING | 01-30-23 | 17:58:31 | Monday | [NO_REQUEST]: 404 | https://data.sanitino.eu/PRODUCT-42572/4ef70a59c37a7174f7d6366a?v=fb51a17c&size=feed-1080
 WARNING | 01-30-23 | 17:58:31 | Monday | [NO_REQUEST]: 404 | https://data.sanitino.eu/PRODUCT-42578/2d81e0eee6445ac237dc987f?v=853c949a&size=feed-1080
 WARNING | 01-30-23 | 17:58:31 | Monday | [NO_REQUEST]: 404 | https://data.sanitino.eu/PRODUCT-90740/dac6d82131894d34eacae4e9?v=e1df812a&size=feed-1080
 WARNING | 01-30-23 | 17:58:31 | Monday | [NO_REQUEST]: 404 | https://data.sanitino.eu/PRODUCT-45236/e742a8fec106648548f15b1c?size=feed-1080
 WARNING | 01-30-23 | 17:58:31 | Monday | [NO_REQUEST]: 404 | https://data.sanitino.eu/PRODUCT-45237/e742a8fec106648548f15b1c?size=feed-1080
 WARNING | 01-30-23 | 17:58:31 | Monday | [NO_REQUEST]: 404 | https://data.sanitino.eu/PRODUCT-45234/e742a8fec106648548f15b1c?size=feed-1080
 WARNING | 01-30-23 | 17:58:31 | Monday | [NO_REQUEST]: 404 | https://data.sanitino.eu/PRODUCT-38991/3358f63d84d491e782e4693b?size=feed-1080
 WARNING | 01-30-23 | 17:58:32 | Monday | [NO_REQUEST]: 404 | https://data.sanitino.eu/PRODUCT-45179/2ce0ec055666498c98855b3c?size=feed-1080
 WARNING | 01-30-23 | 17:58:32 | Monday | [NO_REQUEST]: 404 | https://data.sanitino.eu/PRODUCT-45191/b3683192c8b78f8852f46ad3?size=feed-1080
 WARNING | 01-30-23 | 17:58:32 | Monday | [NO_REQUEST]: 404 | https://data.sanitino.eu/PRODUCT-45193/b3683192c8b78f8852f46ad3?size=feed-1080
 WARNING | 01-30-23 | 17:58:32 | Monday | [NO_REQUEST]: 404 | https://data.sanitino.eu/PRODUCT-45181/2ce0ec055666498c98855b3c?size=feed-1080
 DEBUG | 01-30-23 | 17:58:36 | Monday | 2000
 WARNING | 01-30-23 | 17:58:47 | Monday | [NO_REQUEST]: 404 | https://data.sanitino.eu/PRODUCT-91298/b0a98f2c1359b461a78979ef?v=96a990e2&size=feed-1080
 WARNING | 01-30-23 | 17:58:47 | Monday | [NO_REQUEST]: 404 | https://data.sanitino.eu/PRODUCT-91301/b6f3684df42714c89cbbed0a?v=f1b04653&size=feed-1080
 WARNING | 01-30-23 | 17:58:47 | Monday | [NO_REQUEST]: 404 | https://data.sanitino.eu/PRODUCT-91297/b0a98f2c1359b461a78979ef?v=d182d3e4&size=feed-1080
 WARNING | 01-30-23 | 17:58:47 | Monday | [NO_REQUEST]: 404 | https://data.sanitino.eu/PRODUCT-91299/b0a98f2c1359b461a78979ef?v=ddec2e1c&size=feed-1080
 WARNING | 01-30-23 | 17:58:47 | Monday | [NO_REQUEST]: 404 | https://data.sanitino.eu/PRODUCT-91300/b6f3684df42714c89cbbed0a?v=a857b216&size=feed-1080
 WARNING | 01-30-23 | 17:58:47 | Monday | [NO_REQUEST]: 404 | https://data.sanitino.eu/PRODUCT-91293/b921915292a61c22e85be4f8?v=516c034d&size=feed-1080
 WARNING | 01-30-23 | 17:58:47 | Monday | [NO_REQUEST]: 404 | https://data.sanitino.eu/PRODUCT-91291/f2607bcc092f89d90bb77452?v=335418f4&size=feed-1080
 WARNING | 01-30-23 | 17:58:47 | Monday | [NO_REQUEST]: 404 | https://data.sanitino.eu/PRODUCT-91292/b921915292a61c22e85be4f8?v=5bae8409&size=feed-1080
 WARNING | 01-30-23 | 17:58:47 | Monday | [NO_REQUEST]: 404 | https://data.sanitino.eu/PRODUCT-91294/32a6b12966eab2657c4ed12e?v=711de614&size=feed-1080
 WARNING | 01-30-23 | 17:58:47 | Monday | [NO_REQUEST]: 404 | https://data.sanitino.eu/PRODUCT-91295/ca7ef575faae100bc2f9c28b?v=6b399dbd&size=feed-1080
 WARNING | 01-30-23 | 17:58:48 | Monday | [NO_REQUEST]: 404 | https://data.sanitino.eu/PRODUCT-91296/ca7ef575faae100bc2f9c28b?v=7f91d109&size=feed-1080
 WARNING | 01-30-23 | 17:58:48 | Monday | [NO_REQUEST]: 404 | https://data.sanitino.eu/PRODUCT-91302/b6f3684df42714c89cbbed0a?v=12070354&size=feed-1080
 DEBUG | 01-30-23 | 17:58:48 | Monday | 3000
 WARNING | 01-30-23 | 17:58:48 | Monday | [NO_REQUEST]: 404 | https://data.sanitino.eu/PRODUCT-91366/325928dc032441cd2b6d0821?v=a947880c&size=feed-1080
 WARNING | 01-30-23 | 17:58:48 | Monday | [NO_REQUEST]: 404 | https://data.sanitino.eu/PRODUCT-91367/79057c3d8196aef71eafe9c5?v=2f1d62de&size=feed-1080
 WARNING | 01-30-23 | 17:58:48 | Monday | [NO_REQUEST]: 404 | https://data.sanitino.eu/PRODUCT-91368/79057c3d8196aef71eafe9c5?v=a323cc55&size=feed-1080
 WARNING | 01-30-23 | 17:58:48 | Monday | [NO_REQUEST]: 404 | https://data.sanitino.eu/PRODUCT-91372/6a4aeac3b955e82a25792272?v=ab6d2510&size=feed-1080
 WARNING | 01-30-23 | 17:58:49 | Monday | [NO_REQUEST]: 404 | https://data.sanitino.eu/PRODUCT-91364/02f89182d79ab4ff07166019?v=6c053448&size=feed-1080
 WARNING | 01-30-23 | 17:58:49 | Monday | [NO_REQUEST]: 404 | https://data.sanitino.eu/PRODUCT-91363/6ca508bd1a60e8abc5348d65?v=dec18520&size=feed-1080
 WARNING | 01-30-23 | 17:58:49 | Monday | [NO_REQUEST]: 404 | https://data.sanitino.eu/PRODUCT-91370/2f09cbb6ede4b82b7de8bd3f?v=4772efef&size=feed-1080
 WARNING | 01-30-23 | 17:58:49 | Monday | [NO_REQUEST]: 404 | https://data.sanitino.eu/PRODUCT-91373/6a4aeac3b955e82a25792272?v=583861e5&size=feed-1080
 WARNING | 01-30-23 | 17:58:49 | Monday | [NO_REQUEST]: 404 | https://data.sanitino.eu/PRODUCT-91365/02f89182d79ab4ff07166019?v=a0bcbb10&size=feed-1080
 WARNING | 01-30-23 | 17:58:49 | Monday | [NO_REQUEST]: 404 | https://data.sanitino.eu/PRODUCT-91371/2f09cbb6ede4b82b7de8bd3f?v=4b57248d&size=feed-1080
 WARNING | 01-30-23 | 17:58:49 | Monday | [NO_REQUEST]: 404 | https://data.sanitino.eu/PRODUCT-91369/2f09cbb6ede4b82b7de8bd3f?v=5afb472b&size=feed-1080
 WARNING | 01-30-23 | 17:58:49 | Monday | [NO_REQUEST]: 404 | https://data.sanitino.eu/PRODUCT-91374/6a4aeac3b955e82a25792272?v=8c892d23&size=feed-1080
 WARNING | 01-30-23 | 17:58:52 | Monday | [NO_REQUEST]: 404 | https://data.sanitino.eu/PRODUCT-36580/8b19f52a767263f44fe0ddee?size=feed-1080
 WARNING | 01-30-23 | 17:58:59 | Monday | [NO_REQUEST]: 404 | https://data.sanitino.eu/PRODUCT-43245/6fd0c3308677d70419b6e483?v=f03fd9ac&size=feed-1080
 DEBUG | 01-30-23 | 17:59:00 | Monday | 4000
 WARNING | 01-30-23 | 17:59:01 | Monday | [NO_REQUEST]: 404 | https://data.sanitino.eu/PRODUCT-43244/a4db50c8d51e338f51eef189?v=c7918a4b&size=feed-1080
 WARNING | 01-30-23 | 17:59:06 | Monday | [NO_REQUEST]: 404 | https://data.sanitino.eu/PRODUCT-92156/5c1f7a8b649ac029f62b4248?v=d6edc911&size=feed-1080
 WARNING | 01-30-23 | 17:59:09 | Monday | [NO_REQUEST]: 404 | https://data.sanitino.eu/PRODUCT-92157/8d370d7a3b9df152a65292a9?v=73981e9d&size=feed-1080
 WARNING | 01-30-23 | 17:59:11 | Monday | [NO_REQUEST]: 404 | https://data.sanitino.eu/PRODUCT-92159/75fdf9a2c4ec19281931343b?v=32b678e2&size=feed-1080
 DEBUG | 01-30-23 | 17:59:15 | Monday | 5000
 WARNING | 01-30-23 | 17:59:22 | Monday | [NO_REQUEST]: 404 | https://data.sanitino.eu/PRODUCT-88947/fd8c7c6a54a93a3e0659f560?size=feed-1080
 WARNING | 01-30-23 | 17:59:22 | Monday | [NO_REQUEST]: 404 | https://data.sanitino.eu/PRODUCT-88946/5e05975923f6d9d1aa93002d?size=feed-1080
 WARNING | 01-30-23 | 17:59:22 | Monday | [NO_REQUEST]: 404 | https://data.sanitino.eu/PRODUCT-88939/9613701e7f0d5fa3db90c878?size=feed-1080
 WARNING | 01-30-23 | 17:59:22 | Monday | [NO_REQUEST]: 404 | https://data.sanitino.eu/PRODUCT-88942/003b16a78e7632367df35e5f?size=feed-1080
 WARNING | 01-30-23 | 17:59:22 | Monday | [NO_REQUEST]: 404 | https://data.sanitino.eu/PRODUCT-56553/1b431d22597066d06f3c043d?size=feed-1080
 WARNING | 01-30-23 | 17:59:22 | Monday | [NO_REQUEST]: 404 | https://data.sanitino.eu/PRODUCT-88944/08f8c044e37d85cf2c08d5e0?size=feed-1080
 WARNING | 01-30-23 | 17:59:22 | Monday | [NO_REQUEST]: 404 | https://data.sanitino.eu/PRODUCT-27018/395b157d19b8d2af1693b755?size=feed-1080
 WARNING | 01-30-23 | 17:59:22 | Monday | [NO_REQUEST]: 404 | https://data.sanitino.eu/PRODUCT-88943/2f0df32dc328054996bbff87?size=feed-1080
 WARNING | 01-30-23 | 17:59:22 | Monday | [NO_REQUEST]: 404 | https://data.sanitino.eu/PRODUCT-88940/fe3063e25b138213b3da6fa3?size=feed-1080
 WARNING | 01-30-23 | 17:59:22 | Monday | [NO_REQUEST]: 404 | https://data.sanitino.eu/PRODUCT-88941/57ea9ba16d4075b9433ae2de?size=feed-1080
 WARNING | 01-30-23 | 17:59:24 | Monday | [NO_REQUEST]: 404 | https://data.sanitino.eu/PRODUCT-88236/b2da35acb0883461dba577ac?size=feed-1080
 WARNING | 01-30-23 | 17:59:24 | Monday | [NO_REQUEST]: 404 | https://data.sanitino.eu/PRODUCT-7598/f3242bd05060f583cff2f5f5?size=feed-1080
 WARNING | 01-30-23 | 17:59:28 | Monday | [NO_REQUEST]: 404 | https://data.sanitino.eu/PRODUCT-25811/3e23a53c07b4a8a373b6c98b?v=3f469ed5&size=feed-1080
 WARNING | 01-30-23 | 17:59:28 | Monday | [NO_REQUEST]: 404 | https://data.sanitino.eu/PRODUCT-25808/3e23a53c07b4a8a373b6c98b?size=feed-1080
 WARNING | 01-30-23 | 17:59:28 | Monday | [NO_REQUEST]: 404 | https://data.sanitino.eu/PRODUCT-25812/3e23a53c07b4a8a373b6c98b?v=0db640e2&size=feed-1080
 WARNING | 01-30-23 | 17:59:28 | Monday | [NO_REQUEST]: 404 | https://data.sanitino.eu/PRODUCT-25809/3e23a53c07b4a8a373b6c98b?size=feed-1080
 WARNING | 01-30-23 | 17:59:33 | Monday | [NO_REQUEST]: 404 | https://data.sanitino.eu/PRODUCT-92238/704f7bd49b8d2b1f724c127c?v=bbad4724&size=feed-1080
 WARNING | 01-30-23 | 17:59:34 | Monday | [NO_REQUEST]: 404 | https://data.sanitino.eu/PRODUCT-86755/93dcf6da1a02f3af07a156ca?v=416dd5a2&size=feed-1080
 DEBUG | 01-30-23 | 17:59:42 | Monday | 6000
 WARNING | 01-30-23 | 17:59:46 | Monday | [NO_REQUEST]: 404 | https://data.sanitino.eu/PRODUCT-85611/e04d1fef12f7568292beac46?v=8e265dbe&size=feed-1080
 WARNING | 01-30-23 | 17:59:46 | Monday | [NO_REQUEST]: 404 | https://data.sanitino.eu/PRODUCT-85699/61e608e26e3d0040b9fa8c2d?v=64080a29&size=feed-1080
 WARNING | 01-30-23 | 17:59:52 | Monday | [NO_REQUEST]: 404 | https://data.sanitino.eu/PRODUCT-84857/29a139d6bd2e1e10690271aa?size=feed-1080
 WARNING | 01-30-23 | 17:59:53 | Monday | [NO_REQUEST]: 404 | https://data.sanitino.eu/PRODUCT-84846/7de4403a783e91e05ce5f991?size=feed-1080
 WARNING | 01-30-23 | 17:59:53 | Monday | [NO_REQUEST]: 404 | https://data.sanitino.eu/PRODUCT-84895/29a139d6bd2e1e10690271aa?size=feed-1080
 WARNING | 01-30-23 | 17:59:53 | Monday | [NO_REQUEST]: 404 | https://data.sanitino.eu/PRODUCT-84922/04b948fea3fd5c091722ace5?size=feed-1080
 WARNING | 01-30-23 | 17:59:53 | Monday | [NO_REQUEST]: 404 | https://data.sanitino.eu/PRODUCT-84867/64a6faebf9e587e06ea24316?size=feed-1080
 DEBUG | 01-30-23 | 17:59:53 | Monday | 7000
 WARNING | 01-30-23 | 17:59:56 | Monday | [NO_REQUEST]: 404 | https://data.sanitino.eu/PRODUCT-21927/7948b802d934744ce30eb6db?size=feed-1080
 WARNING | 01-30-23 | 17:59:56 | Monday | [NO_REQUEST]: 404 | https://data.sanitino.eu/PRODUCT-6015/9ec08e4e0cf2875f4e71f742?v=12251783&size=feed-1080
 WARNING | 01-30-23 | 17:59:56 | Monday | [NO_REQUEST]: 404 | https://data.sanitino.eu/PRODUCT-6017/416b4f2d76d39b0af83ae71a?v=89c1e0e8&size=feed-1080
 WARNING | 01-30-23 | 17:59:56 | Monday | [NO_REQUEST]: 404 | https://data.sanitino.eu/PRODUCT-21928/4aa05eb43016693df36a1cca?size=feed-1080
 WARNING | 01-30-23 | 17:59:59 | Monday | [NO_REQUEST]: 404 | https://data.sanitino.eu/PRODUCT-88655/7cd1d4361af336409ef6cdd6?size=feed-1080
 WARNING | 01-30-23 | 17:59:59 | Monday | [NO_REQUEST]: 404 | https://data.sanitino.eu/PRODUCT-88656/7cd1d4361af336409ef6cdd6?size=feed-1080
 WARNING | 01-30-23 | 18:00:01 | Monday | [NO_REQUEST]: 404 | https://data.sanitino.eu/PRODUCT-39371/b1b24696f75d9481e62facd1?v=82684c85&size=feed-1080
 WARNING | 01-30-23 | 18:00:01 | Monday | [NO_REQUEST]: 502 | https://data.sanitino.eu/PRODUCT-85073/f79f03c7cfb6b632ee269aa7?size=feed-1080
 WARNING | 01-30-23 | 18:00:01 | Monday | [NO_REQUEST]: 404 | https://data.sanitino.eu/PRODUCT-39370/521eda5d2f82859571b792ff?v=505edce8&size=feed-1080
 WARNING | 01-30-23 | 18:00:01 | Monday | [NO_REQUEST]: 404 | https://data.sanitino.eu/PRODUCT-39366/e430f21c6d72271fbd891103?v=31278f22&size=feed-1080
 WARNING | 01-30-23 | 18:00:02 | Monday | [NO_REQUEST]: 404 | https://data.sanitino.eu/PRODUCT-39367/aa1925fff070718219dadc7f?v=f8a54910&size=feed-1080
 WARNING | 01-30-23 | 18:00:02 | Monday | [NO_REQUEST]: 404 | https://data.sanitino.eu/PRODUCT-39376/0534877264c4e2eeb3f6b180?v=a8b70237&size=feed-1080
 WARNING | 01-30-23 | 18:00:02 | Monday | [NO_REQUEST]: 404 | https://data.sanitino.eu/PRODUCT-39374/22b1f42e837153660cb12b7e?v=ef4584e8&size=feed-1080
 WARNING | 01-30-23 | 18:00:02 | Monday | [NO_REQUEST]: 404 | https://data.sanitino.eu/PRODUCT-39377/c2e808f6d1b0d05285c5cdfb?v=f35ade95&size=feed-1080
 WARNING | 01-30-23 | 18:00:02 | Monday | [NO_REQUEST]: 404 | https://data.sanitino.eu/PRODUCT-39375/d4a28bd611ac8814ee13e035?v=3ae83911&size=feed-1080
 WARNING | 01-30-23 | 18:00:02 | Monday | [NO_REQUEST]: 404 | https://data.sanitino.eu/PRODUCT-39378/b9dc41e14a025edbf850606e?v=aefecc24&size=feed-1080
 WARNING | 01-30-23 | 18:00:02 | Monday | [NO_REQUEST]: 404 | https://data.sanitino.eu/PRODUCT-39373/a65490662a3468ef9e68f1a5?v=9c3c98d3&size=feed-1080
 WARNING | 01-30-23 | 18:00:02 | Monday | [NO_REQUEST]: 404 | https://data.sanitino.eu/PRODUCT-39368/ef5bc29868d3f659b8dca062?v=7f5e0b6a&size=feed-1080
 WARNING | 01-30-23 | 18:00:02 | Monday | [NO_REQUEST]: 404 | https://data.sanitino.eu/PRODUCT-39369/8ea238c460d8b12e96da2df2?v=39e2e221&size=feed-1080
 DEBUG | 01-30-23 | 18:00:05 | Monday | 8000
 WARNING | 01-30-23 | 18:00:06 | Monday | [NO_REQUEST]: 502 | https://data.sanitino.eu/PRODUCT-54827/1b847711be081819ef4596ab?size=feed-1080
 WARNING | 01-30-23 | 18:00:06 | Monday | [NO_REQUEST]: 404 | https://data.sanitino.eu/PRODUCT-53079/440dbbaf3688dd66253cbc2e?size=feed-1080
 WARNING | 01-30-23 | 18:00:06 | Monday | [NO_REQUEST]: 404 | https://data.sanitino.eu/PRODUCT-53077/440dbbaf3688dd66253cbc2e?size=feed-1080
 WARNING | 01-30-23 | 18:00:07 | Monday | [NO_REQUEST]: 404 | https://data.sanitino.eu/PRODUCT-44654/11fed5b8086e36e0ae94d809?v=013c5961&size=feed-1080
 WARNING | 01-30-23 | 18:00:08 | Monday | [NO_REQUEST]: 404 | https://data.sanitino.eu/PRODUCT-44583/7df2514203ad7f46536f4a8f?v=25b4f9ef&size=feed-1080
 WARNING | 01-30-23 | 18:00:10 | Monday | [NO_REQUEST]: 404 | https://data.sanitino.eu/PRODUCT-45176/53bd1af88798b43c226ff869?size=feed-1080
 WARNING | 01-30-23 | 18:00:10 | Monday | [NO_REQUEST]: 404 | https://data.sanitino.eu/PRODUCT-45185/5a0badcd309f4bb734344894?size=feed-1080
 WARNING | 01-30-23 | 18:00:10 | Monday | [NO_REQUEST]: 404 | https://data.sanitino.eu/PRODUCT-45173/53bd1af88798b43c226ff869?size=feed-1080
 WARNING | 01-30-23 | 18:00:10 | Monday | [NO_REQUEST]: 404 | https://data.sanitino.eu/PRODUCT-45175/53bd1af88798b43c226ff869?size=feed-1080
 WARNING | 01-30-23 | 18:00:10 | Monday | [NO_REQUEST]: 404 | https://data.sanitino.eu/PRODUCT-45206/700366b30f49ed3059f2f9dc?size=feed-1080
 WARNING | 01-30-23 | 18:00:10 | Monday | [NO_REQUEST]: 404 | https://data.sanitino.eu/PRODUCT-45187/5a0badcd309f4bb734344894?size=feed-1080
 WARNING | 01-30-23 | 18:00:10 | Monday | [NO_REQUEST]: 404 | https://data.sanitino.eu/PRODUCT-45208/700366b30f49ed3059f2f9dc?size=feed-1080
 WARNING | 01-30-23 | 18:00:14 | Monday | [NO_REQUEST]: 404 | https://data.sanitino.eu/PRODUCT-58906/775c321b9f96c5f5805f9282?size=feed-1080
 DEBUG | 01-30-23 | 18:00:14 | Monday | 9000
 WARNING | 01-30-23 | 18:00:15 | Monday | [NO_REQUEST]: 404 | https://data.sanitino.eu/PRODUCT-58915/46c56640a4b7af0d9fbc541d?size=feed-1080
 WARNING | 01-30-23 | 18:00:16 | Monday | [NO_REQUEST]: 404 | https://data.sanitino.eu/PRODUCT-58943/9b8719f72b79347a8bf26176?size=feed-1080
 WARNING | 01-30-23 | 18:00:16 | Monday | [NO_REQUEST]: 404 | https://data.sanitino.eu/PRODUCT-58942/02d44735640e3c00a631dc25?size=feed-1080
 WARNING | 01-30-23 | 18:00:16 | Monday | [NO_REQUEST]: 404 | https://data.sanitino.eu/PRODUCT-58464/f1234dc755dd7d62385021be?size=feed-1080
 WARNING | 01-30-23 | 18:00:16 | Monday | [NO_REQUEST]: 404 | https://data.sanitino.eu/PRODUCT-58466/f1234dc755dd7d62385021be?size=feed-1080
 WARNING | 01-30-23 | 18:00:16 | Monday | [NO_REQUEST]: 404 | https://data.sanitino.eu/PRODUCT-58463/301104fd71ddb69fecf1b686?size=feed-1080
 WARNING | 01-30-23 | 18:00:16 | Monday | [NO_REQUEST]: 404 | https://data.sanitino.eu/PRODUCT-58468/88d00544f5794e88164e2d3e?size=feed-1080
 WARNING | 01-30-23 | 18:00:16 | Monday | [NO_REQUEST]: 404 | https://data.sanitino.eu/PRODUCT-58467/f1234dc755dd7d62385021be?size=feed-1080
 WARNING | 01-30-23 | 18:00:16 | Monday | [NO_REQUEST]: 404 | https://data.sanitino.eu/PRODUCT-58473/3e9d18b1b5906c1333663b45?size=feed-1080
 WARNING | 01-30-23 | 18:00:17 | Monday | [NO_REQUEST]: 404 | https://data.sanitino.eu/PRODUCT-58474/fa3e66f5674cac54a5e41bdb?size=feed-1080
 WARNING | 01-30-23 | 18:00:17 | Monday | [NO_REQUEST]: 404 | https://data.sanitino.eu/PRODUCT-58934/3a94c2f6419caa047107f9d2?size=feed-1080
 WARNING | 01-30-23 | 18:00:17 | Monday | [NO_REQUEST]: 404 | https://data.sanitino.eu/PRODUCT-58935/3a94c2f6419caa047107f9d2?size=feed-1080
 WARNING | 01-30-23 | 18:00:17 | Monday | [NO_REQUEST]: 404 | https://data.sanitino.eu/PRODUCT-58950/77f9fbd698ea25e001b5ff9c?size=feed-1080
 WARNING | 01-30-23 | 18:00:17 | Monday | [NO_REQUEST]: 404 | https://data.sanitino.eu/PRODUCT-58951/77f9fbd698ea25e001b5ff9c?size=feed-1080
 WARNING | 01-30-23 | 18:00:17 | Monday | [NO_REQUEST]: 404 | https://data.sanitino.eu/PRODUCT-58958/0faec52482914ab2b79c8216?size=feed-1080
 WARNING | 01-30-23 | 18:00:17 | Monday | [NO_REQUEST]: 404 | https://data.sanitino.eu/PRODUCT-58959/0faec52482914ab2b79c8216?size=feed-1080
 WARNING | 01-30-23 | 18:00:18 | Monday | [NO_REQUEST]: 404 | https://data.sanitino.eu/PRODUCT-58424/3a70af1a963116f6e7f8fc4a?size=feed-1080
 WARNING | 01-30-23 | 18:00:18 | Monday | [NO_REQUEST]: 404 | https://data.sanitino.eu/PRODUCT-58423/9b685cc65454afef0be6e315?size=feed-1080
 WARNING | 01-30-23 | 18:00:18 | Monday | [NO_REQUEST]: 404 | https://data.sanitino.eu/PRODUCT-58929/3a6785f42b5b0a175fc4287e?size=feed-1080
 WARNING | 01-30-23 | 18:00:18 | Monday | [NO_REQUEST]: 404 | https://data.sanitino.eu/PRODUCT-58518/879df8dd9bc485aa81aa0c1d?size=feed-1080
 WARNING | 01-30-23 | 18:00:18 | Monday | [NO_REQUEST]: 404 | https://data.sanitino.eu/PRODUCT-58930/3a6785f42b5b0a175fc4287e?size=feed-1080
 WARNING | 01-30-23 | 18:00:18 | Monday | [NO_REQUEST]: 404 | https://data.sanitino.eu/PRODUCT-58519/063be8cef13e4c227e52fff4?size=feed-1080
 WARNING | 01-30-23 | 18:00:21 | Monday | [NO_REQUEST]: 404 | https://data.sanitino.eu/PRODUCT-46624/65381bf083418190d0483bec?size=feed-1080
 WARNING | 01-30-23 | 18:00:21 | Monday | [NO_REQUEST]: 404 | https://data.sanitino.eu/PRODUCT-46626/65381bf083418190d0483bec?size=feed-1080
 WARNING | 01-30-23 | 18:00:21 | Monday | [NO_REQUEST]: 404 | https://data.sanitino.eu/PRODUCT-46625/65381bf083418190d0483bec?size=feed-1080
 WARNING | 01-30-23 | 18:00:21 | Monday | [NO_REQUEST]: 404 | https://data.sanitino.eu/PRODUCT-46635/4c540fc0d8048ac5561fe4ff?size=feed-1080
 WARNING | 01-30-23 | 18:00:21 | Monday | [NO_REQUEST]: 404 | https://data.sanitino.eu/PRODUCT-46636/4c540fc0d8048ac5561fe4ff?size=feed-1080
 WARNING | 01-30-23 | 18:00:21 | Monday | [NO_REQUEST]: 404 | https://data.sanitino.eu/PRODUCT-46637/4c540fc0d8048ac5561fe4ff?size=feed-1080
 WARNING | 01-30-23 | 18:00:21 | Monday | [NO_REQUEST]: 404 | https://data.sanitino.eu/PRODUCT-46642/667b386a4db1ec0adb496e44?size=feed-1080
 WARNING | 01-30-23 | 18:00:21 | Monday | [NO_REQUEST]: 404 | https://data.sanitino.eu/PRODUCT-46643/667b386a4db1ec0adb496e44?size=feed-1080
 WARNING | 01-30-23 | 18:00:22 | Monday | [NO_REQUEST]: 404 | https://data.sanitino.eu/PRODUCT-46641/667b386a4db1ec0adb496e44?size=feed-1080
 WARNING | 01-30-23 | 18:00:24 | Monday | [NO_REQUEST]: 404 | https://data.sanitino.eu/PRODUCT-46623/65381bf083418190d0483bec?size=feed-1080
 DEBUG | 01-30-23 | 18:00:25 | Monday | 10000
 WARNING | 01-30-23 | 18:00:31 | Monday | [NO_REQUEST]: 404 | https://data.sanitino.eu/PRODUCT-83916/8b6b5b2d1ac8342ce0e9e533?v=452bb682&size=feed-1080
 DEBUG | 01-30-23 | 18:00:35 | Monday | 11000
 WARNING | 01-30-23 | 18:00:45 | Monday | [NO_REQUEST]: 404 | https://data.sanitino.eu/PRODUCT-3349/0421e2b18a055761987e9de9?v=bcde48f0&size=feed-1080
 DEBUG | 01-30-23 | 18:00:47 | Monday | 12000
 WARNING | 01-30-23 | 18:00:53 | Monday | [NO_REQUEST]: 404 | https://data.sanitino.eu/PRODUCT-3165/83fd55fddcfe5454da854a68?size=feed-1080
 WARNING | 01-30-23 | 18:00:53 | Monday | [NO_REQUEST]: 404 | https://data.sanitino.eu/PRODUCT-3145/71b6829f6e4718bf6bfce0a2?size=feed-1080
 DEBUG | 01-30-23 | 18:00:58 | Monday | 13000
 WARNING | 01-30-23 | 18:01:04 | Monday | [NO_REQUEST]: 404 | https://data.sanitino.eu/PRODUCT-7430/37ba4cd4c999c33723a70550?size=feed-1080
 WARNING | 01-30-23 | 18:01:04 | Monday | [NO_REQUEST]: 404 | https://data.sanitino.eu/PRODUCT-7428/1d0f822b9a26af58eaceae43?size=feed-1080
 WARNING | 01-30-23 | 18:01:04 | Monday | [NO_REQUEST]: 404 | https://data.sanitino.eu/PRODUCT-7436/8e8fcbe385787afbd051a8d4?size=feed-1080
 WARNING | 01-30-23 | 18:01:04 | Monday | [NO_REQUEST]: 404 | https://data.sanitino.eu/PRODUCT-7441/0012f9eb0f2cd16c751e27af?size=feed-1080
 WARNING | 01-30-23 | 18:01:04 | Monday | [NO_REQUEST]: 404 | https://data.sanitino.eu/PRODUCT-7440/2c9f5660e74ee32fd88d9202?size=feed-1080
 WARNING | 01-30-23 | 18:01:05 | Monday | [NO_REQUEST]: 404 | https://data.sanitino.eu/PRODUCT-7607/6e86b05784dbc8334e558de6?size=feed-1080
 WARNING | 01-30-23 | 18:01:05 | Monday | [NO_REQUEST]: 404 | https://data.sanitino.eu/PRODUCT-7604/d0e0aa732bbd156d18376672?size=feed-1080
 DEBUG | 01-30-23 | 18:01:11 | Monday | 14000
 WARNING | 01-30-23 | 18:01:20 | Monday | [NO_REQUEST]: 404 | https://data.sanitino.eu/PRODUCT-30554/d14b33ae7f97daa502dd2d2d?size=feed-1080
 ERROR | 01-30-23 | 18:01:22 | Monday | https://data.sanitino.eu/PRODUCT-34134/bcef427a107be1da7824afe5?size=feed-1080
 ERROR | 01-30-23 | 18:01:22 | Monday | https://data.sanitino.eu/PRODUCT-34143/4aff7372f2be893b1e836d45?size=feed-1080
 DEBUG | 01-30-23 | 18:01:25 | Monday | 15000
 WARNING | 01-30-23 | 18:01:28 | Monday | [NO_REQUEST]: 404 | https://data.sanitino.eu/PRODUCT-35050/9b73e6f53a42f32b660feb44?size=feed-1080
 WARNING | 01-30-23 | 18:01:30 | Monday | [NO_REQUEST]: 404 | https://data.sanitino.eu/PRODUCT-35484/a48e292bce3da89d44b45dbe?size=feed-1080
 WARNING | 01-30-23 | 18:01:31 | Monday | [NO_REQUEST]: 404 | https://data.sanitino.eu/PRODUCT-37923/4bc77f95d6b738309f3beea0?size=feed-1080
 DEBUG | 01-30-23 | 18:01:36 | Monday | 16000
 WARNING | 01-30-23 | 18:01:39 | Monday | [NO_REQUEST]: 404 | https://data.sanitino.eu/PRODUCT-40758/bb62e08a2d0fb351b585ac7e?v=5badab1c&size=feed-1080
 WARNING | 01-30-23 | 18:01:39 | Monday | [NO_REQUEST]: 404 | https://data.sanitino.eu/PRODUCT-40760/bb62e08a2d0fb351b585ac7e?v=6197fa3f&size=feed-1080
 WARNING | 01-30-23 | 18:01:39 | Monday | [NO_REQUEST]: 404 | https://data.sanitino.eu/PRODUCT-40759/bb62e08a2d0fb351b585ac7e?v=de740dd9&size=feed-1080
 WARNING | 01-30-23 | 18:01:39 | Monday | [NO_REQUEST]: 404 | https://data.sanitino.eu/PRODUCT-40792/13a48d315a5490dfb184836e?v=21b0fcf6&size=feed-1080
 WARNING | 01-30-23 | 18:01:39 | Monday | [NO_REQUEST]: 404 | https://data.sanitino.eu/PRODUCT-40794/13a48d315a5490dfb184836e?v=c8892a4d&size=feed-1080
 WARNING | 01-30-23 | 18:01:39 | Monday | [NO_REQUEST]: 404 | https://data.sanitino.eu/PRODUCT-40761/bb62e08a2d0fb351b585ac7e?v=cb3ce2be&size=feed-1080
 WARNING | 01-30-23 | 18:01:39 | Monday | [NO_REQUEST]: 404 | https://data.sanitino.eu/PRODUCT-40791/13a48d315a5490dfb184836e?v=91999ccb&size=feed-1080
 WARNING | 01-30-23 | 18:01:39 | Monday | [NO_REQUEST]: 404 | https://data.sanitino.eu/PRODUCT-40793/13a48d315a5490dfb184836e?v=4dc6f7ee&size=feed-1080
 WARNING | 01-30-23 | 18:01:39 | Monday | [NO_REQUEST]: 404 | https://data.sanitino.eu/PRODUCT-40795/ff557b18f0a121b6da158dee?v=fa79f47a&size=feed-1080
 WARNING | 01-30-23 | 18:01:39 | Monday | [NO_REQUEST]: 404 | https://data.sanitino.eu/PRODUCT-40797/ff557b18f0a121b6da158dee?v=8d60771b&size=feed-1080
 WARNING | 01-30-23 | 18:01:39 | Monday | [NO_REQUEST]: 404 | https://data.sanitino.eu/PRODUCT-40796/ff557b18f0a121b6da158dee?v=e16eed97&size=feed-1080
 WARNING | 01-30-23 | 18:01:39 | Monday | [NO_REQUEST]: 404 | https://data.sanitino.eu/PRODUCT-40840/9e204c29a48b6ab8a4a108f1?v=67035d54&size=feed-1080
 WARNING | 01-30-23 | 18:01:39 | Monday | [NO_REQUEST]: 404 | https://data.sanitino.eu/PRODUCT-40841/ff0599c3f23c442c68693e12?v=6be438b9&size=feed-1080
 WARNING | 01-30-23 | 18:01:39 | Monday | [NO_REQUEST]: 404 | https://data.sanitino.eu/PRODUCT-40843/5264be49fa9e20247b6de5e7?v=bf55747f&size=feed-1080
 WARNING | 01-30-23 | 18:01:40 | Monday | [NO_REQUEST]: 404 | https://data.sanitino.eu/PRODUCT-41232/bae353978b056af337e7c154?v=eebda8e8&size=feed-1080
 WARNING | 01-30-23 | 18:01:40 | Monday | [NO_REQUEST]: 404 | https://data.sanitino.eu/PRODUCT-41233/bae353978b056af337e7c154?v=90a7fcaf&size=feed-1080
 WARNING | 01-30-23 | 18:01:40 | Monday | [NO_REQUEST]: 404 | https://data.sanitino.eu/PRODUCT-41231/bae353978b056af337e7c154?v=0122b028&size=feed-1080
 WARNING | 01-30-23 | 18:01:41 | Monday | [NO_REQUEST]: 404 | https://data.sanitino.eu/PRODUCT-41519/d98a8bdf58495bf9895e4f7a?v=5f4bce12&size=feed-1080
 WARNING | 01-30-23 | 18:01:41 | Monday | [NO_REQUEST]: 404 | https://data.sanitino.eu/PRODUCT-41518/d98a8bdf58495bf9895e4f7a?v=eebab71d&size=feed-1080
 WARNING | 01-30-23 | 18:01:43 | Monday | [NO_REQUEST]: 404 | https://data.sanitino.eu/PRODUCT-42001/3f74154a5ab2ad19988a24c0?v=a23f41ce&size=feed-1080
 WARNING | 01-30-23 | 18:01:46 | Monday | [NO_REQUEST]: 404 | https://data.sanitino.eu/PRODUCT-42461/78812d644064a626a32f87bf?v=c01acebf&size=feed-1080
 WARNING | 01-30-23 | 18:01:47 | Monday | [NO_REQUEST]: 404 | https://data.sanitino.eu/PRODUCT-42545/f2f4cbcf9251bcf564ada42c?v=61ad78bd&size=feed-1080
 WARNING | 01-30-23 | 18:01:47 | Monday | [NO_REQUEST]: 404 | https://data.sanitino.eu/PRODUCT-42543/be5de85cd87d9fe5de446430?v=72db95e4&size=feed-1080
 WARNING | 01-30-23 | 18:01:47 | Monday | [NO_REQUEST]: 404 | https://data.sanitino.eu/PRODUCT-42623/02e12b0804e9e7cca00e93fb?v=f3ba8683&size=feed-1080
 WARNING | 01-30-23 | 18:01:47 | Monday | [NO_REQUEST]: 404 | https://data.sanitino.eu/PRODUCT-42630/1d52389b5753496fe60b2cad?v=f3a8e605&size=feed-1080
 WARNING | 01-30-23 | 18:01:47 | Monday | [NO_REQUEST]: 404 | https://data.sanitino.eu/PRODUCT-42632/ddc5d5b43d3b74f89d15c4ba?v=018711cd&size=feed-1080
 WARNING | 01-30-23 | 18:01:47 | Monday | [NO_REQUEST]: 404 | https://data.sanitino.eu/PRODUCT-42629/890bd8292ed8389e29de251d?v=2aa8386e&size=feed-1080
 WARNING | 01-30-23 | 18:01:47 | Monday | [NO_REQUEST]: 404 | https://data.sanitino.eu/PRODUCT-42576/47e48f73a39d1732cd028fbc?v=1a1413c0&size=feed-1080
 WARNING | 01-30-23 | 18:01:47 | Monday | [NO_REQUEST]: 404 | https://data.sanitino.eu/PRODUCT-42633/4c8bf3d403ebef16c907f7cc?v=04a10d89&size=feed-1080
 DEBUG | 01-30-23 | 18:01:48 | Monday | 17000
 WARNING | 01-30-23 | 18:01:54 | Monday | [NO_REQUEST]: 404 | https://data.sanitino.eu/PRODUCT-44164/7774f09bf748104b90214d4e?v=00648c6f&size=feed-1080
 WARNING | 01-30-23 | 18:01:58 | Monday | [NO_REQUEST]: 404 | https://data.sanitino.eu/PRODUCT-46754/f54bf4aef60de410318804eb?size=feed-1080
 WARNING | 01-30-23 | 18:01:59 | Monday | [NO_REQUEST]: 404 | https://data.sanitino.eu/PRODUCT-47202/26343cdaec342fbde2dfa565?v=dee6d082&size=feed-1080
 WARNING | 01-30-23 | 18:01:59 | Monday | [NO_REQUEST]: 404 | https://data.sanitino.eu/PRODUCT-47187/5ebe520b607f1dab7a741902?v=e6dc3d51&size=feed-1080
 WARNING | 01-30-23 | 18:02:01 | Monday | [NO_REQUEST]: 404 | https://data.sanitino.eu/PRODUCT-47574/4594a7ccfa716faf911fcb13?v=b9748062&size=feed-1080
 WARNING | 01-30-23 | 18:02:01 | Monday | [NO_REQUEST]: 404 | https://data.sanitino.eu/PRODUCT-47575/4594a7ccfa716faf911fcb13?v=332f7464&size=feed-1080
 WARNING | 01-30-23 | 18:02:01 | Monday | [NO_REQUEST]: 404 | https://data.sanitino.eu/PRODUCT-47573/4594a7ccfa716faf911fcb13?v=29244372&size=feed-1080
 DEBUG | 01-30-23 | 18:02:06 | Monday | 18000
 WARNING | 01-30-23 | 18:02:07 | Monday | [NO_REQUEST]: 502 | https://data.sanitino.eu/PRODUCT-48545/2f2c8094688994c7dd658729?size=feed-1080
 WARNING | 01-30-23 | 18:02:07 | Monday | [NO_REQUEST]: 502 | https://data.sanitino.eu/PRODUCT-48524/20f9fe5f9bbf5be83bdb83fb?size=feed-1080
 WARNING | 01-30-23 | 18:02:07 | Monday | [NO_REQUEST]: 502 | https://data.sanitino.eu/PRODUCT-48552/d7376a66acd144e49a12370b?size=feed-1080
 WARNING | 01-30-23 | 18:02:07 | Monday | [NO_REQUEST]: 502 | https://data.sanitino.eu/PRODUCT-48516/e8672a8c2e736abe75ca73e3?size=feed-1080
 WARNING | 01-30-23 | 18:02:07 | Monday | [NO_REQUEST]: 502 | https://data.sanitino.eu/PRODUCT-48521/6bdf7beca1161b9f0c146f6c?size=feed-1080
 WARNING | 01-30-23 | 18:02:07 | Monday | [NO_REQUEST]: 502 | https://data.sanitino.eu/PRODUCT-48541/aa0702ffe4f8b842edc0d7da?size=feed-1080
 WARNING | 01-30-23 | 18:02:07 | Monday | [NO_REQUEST]: 502 | https://data.sanitino.eu/PRODUCT-48537/e4d286c142c8096bdd7b2bee?size=feed-1080
 WARNING | 01-30-23 | 18:02:11 | Monday | [NO_REQUEST]: 404 | https://data.sanitino.eu/PRODUCT-49007/2d6492d7682dcd38999411cc?size=feed-1080
 WARNING | 01-30-23 | 18:02:11 | Monday | [NO_REQUEST]: 404 | https://data.sanitino.eu/PRODUCT-49008/d11b3ebb506cb9a4715957db?size=feed-1080
 DEBUG | 01-30-23 | 18:02:24 | Monday | 19000
 WARNING | 01-30-23 | 18:02:26 | Monday | [NO_REQUEST]: 502 | https://data.sanitino.eu/PRODUCT-50038/fde88cfcad32e4a67765ebbb?size=feed-1080
 WARNING | 01-30-23 | 18:02:26 | Monday | [NO_REQUEST]: 502 | https://data.sanitino.eu/PRODUCT-50085/4500c4e3e8d30abb2a40cc87?size=feed-1080
 WARNING | 01-30-23 | 18:02:39 | Monday | [NO_REQUEST]: 404 | https://data.sanitino.eu/PRODUCT-52866/2b93f130298b8dc1924cef0d?v=73b71c7e&size=feed-1080
 DEBUG | 01-30-23 | 18:02:42 | Monday | 20000
 WARNING | 01-30-23 | 18:02:48 | Monday | [NO_REQUEST]: 404 | https://data.sanitino.eu/PRODUCT-55063/e66677d9492ab4fca7c93cba?v=b191a3d3&size=feed-1080
 WARNING | 01-30-23 | 18:02:48 | Monday | [NO_REQUEST]: 404 | https://data.sanitino.eu/PRODUCT-55064/e66677d9492ab4fca7c93cba?v=90f2b2f8&size=feed-1080
 WARNING | 01-30-23 | 18:02:49 | Monday | [NO_REQUEST]: 404 | https://data.sanitino.eu/PRODUCT-55062/276aed346b23a5ee5427c8f0?v=0fff6e0d&size=feed-1080
 DEBUG | 01-30-23 | 18:02:58 | Monday | 21000
 WARNING | 01-30-23 | 18:03:04 | Monday | [NO_REQUEST]: 404 | https://data.sanitino.eu/PRODUCT-59323/eaa34561480c41b3c2661960?size=feed-1080
 DEBUG | 01-30-23 | 18:03:11 | Monday | 22000
 WARNING | 01-30-23 | 18:03:25 | Monday | [NO_REQUEST]: 404 | https://data.sanitino.eu/PRODUCT-81378/fce7e7ce3ab3ea451c70ee9f?v=491d2675&size=feed-1080
 DEBUG | 01-30-23 | 18:03:27 | Monday | 23000
 WARNING | 01-30-23 | 18:03:31 | Monday | [NO_REQUEST]: 404 | https://data.sanitino.eu/PRODUCT-82239/d60ec82151b2876afd93c594?v=62a3309b&size=feed-1080
 WARNING | 01-30-23 | 18:03:33 | Monday | [NO_REQUEST]: 404 | https://data.sanitino.eu/PRODUCT-83140/68bf62c62b833d0841102c2f?size=feed-1080
 WARNING | 01-30-23 | 18:03:38 | Monday | [NO_REQUEST]: 404 | https://data.sanitino.eu/PRODUCT-84265/d156a66fb917e3b3f7b24b4b?v=2694a482&size=feed-1080
 DEBUG | 01-30-23 | 18:03:42 | Monday | 24000
 WARNING | 01-30-23 | 18:03:45 | Monday | [NO_REQUEST]: 404 | https://data.sanitino.eu/PRODUCT-85612/a953d2f7472144ccef81a189?v=df6e48ab&size=feed-1080
 WARNING | 01-30-23 | 18:03:46 | Monday | [NO_REQUEST]: 404 | https://data.sanitino.eu/PRODUCT-85610/f960957f71a34aa1c8567d85?v=e1da8035&size=feed-1080
 WARNING | 01-30-23 | 18:03:49 | Monday | [NO_REQUEST]: 404 | https://data.sanitino.eu/PRODUCT-86077/6a730756e1d35514f2aef634?v=7ed5865e&size=feed-1080
 WARNING | 01-30-23 | 18:03:55 | Monday | [NO_REQUEST]: 404 | https://data.sanitino.eu/PRODUCT-87403/9a40bdecaa48b73321a6ddb7?size=feed-1080
 DEBUG | 01-30-23 | 18:03:58 | Monday | 25000
 WARNING | 01-30-23 | 18:04:00 | Monday | [NO_REQUEST]: 404 | https://data.sanitino.eu/PRODUCT-88874/74c4e162f5567f16ceb8f708?size=feed-1080
 WARNING | 01-30-23 | 18:04:05 | Monday | [NO_REQUEST]: 404 | https://data.sanitino.eu/PRODUCT-90681/1d8640354b1d46bf7e75ad44?v=f08e3f05&size=feed-1080
 WARNING | 01-30-23 | 18:04:07 | Monday | [NO_REQUEST]: 404 | https://data.sanitino.eu/PRODUCT-90864/7b1a35f880751c8cf05b69f7?v=9d7b5d97&size=feed-1080
 WARNING | 01-30-23 | 18:04:07 | Monday | [NO_REQUEST]: 404 | https://data.sanitino.eu/PRODUCT-90862/7b1a35f880751c8cf05b69f7?v=7ac55f25&size=feed-1080
 DEBUG | 01-30-23 | 18:04:13 | Monday | 26000
 WARNING | 01-30-23 | 18:04:13 | Monday | [NO_REQUEST]: 404 | https://data.sanitino.eu/PRODUCT-92974/7061a8d64415bd05b35090ed?size=feed-1080
 WARNING | 01-30-23 | 18:04:27 | Monday | [NO_REQUEST]: 404 | https://data.sanitino.eu/PRODUCT-94551/53e638d7b1653834d7ee5cbd?v=e9c73d6c&size=feed-1080
 WARNING | 01-30-23 | 18:04:27 | Monday | [NO_REQUEST]: 404 | https://data.sanitino.eu/PRODUCT-94554/53e638d7b1653834d7ee5cbd?v=bba68815&size=feed-1080
 DEBUG | 01-30-23 | 18:04:28 | Monday | 27000
 WARNING | 01-30-23 | 18:04:28 | Monday | [NO_REQUEST]: 404 | https://data.sanitino.eu/PRODUCT-94549/53e638d7b1653834d7ee5cbd?v=3d4f268d&size=feed-1080
 WARNING | 01-30-23 | 18:04:37 | Monday | [NO_REQUEST]: 404 | https://data.sanitino.eu/PRODUCT-95542/27c6fd0587e73361046ec010?v=3622a28b&size=feed-1080
 WARNING | 01-30-23 | 18:04:37 | Monday | [NO_REQUEST]: 404 | https://data.sanitino.eu/PRODUCT-95594/2c67085ab2e1668368cd2e0b?v=0a683a70&size=feed-1080
 DEBUG | 01-30-23 | 18:04:43 | Monday | 28000
 WARNING | 01-30-23 | 18:04:43 | Monday | [NO_REQUEST]: 404 | https://data.sanitino.eu/PRODUCT-96189/bb57cb75a6ae842ce597716b?v=cde42334&size=feed-1080
 WARNING | 01-30-23 | 18:04:43 | Monday | [NO_REQUEST]: 404 | https://data.sanitino.eu/PRODUCT-96190/bb57cb75a6ae842ce597716b?v=ac5a138b&size=feed-1080
 WARNING | 01-30-23 | 18:04:43 | Monday | [NO_REQUEST]: 404 | https://data.sanitino.eu/PRODUCT-96188/bb57cb75a6ae842ce597716b?v=92e5f7cc&size=feed-1080
 WARNING | 01-30-23 | 18:04:43 | Monday | [NO_REQUEST]: 404 | https://data.sanitino.eu/PRODUCT-96191/bb57cb75a6ae842ce597716b?v=52ad9dcb&size=feed-1080
 WARNING | 01-30-23 | 18:04:44 | Monday | [NO_REQUEST]: 404 | https://data.sanitino.eu/PRODUCT-96213/7618a77014f9ab186b904175?v=287947e3&size=feed-1080
 WARNING | 01-30-23 | 18:04:44 | Monday | [NO_REQUEST]: 404 | https://data.sanitino.eu/PRODUCT-96212/7618a77014f9ab186b904175?v=caf33993&size=feed-1080
 WARNING | 01-30-23 | 18:04:48 | Monday | [NO_REQUEST]: 404 | https://data.sanitino.eu/PRODUCT-97411/0e40b4a45421e2d53c8dbbaf?v=4a41cf3a&size=feed-1080
 WARNING | 01-30-23 | 18:04:54 | Monday | [NO_REQUEST]: 404 | https://data.sanitino.eu/PRODUCT-100218/ceac02c3afb2e135b75ef10f?v=316ab11a&size=feed-1080
 WARNING | 01-30-23 | 18:04:54 | Monday | [NO_REQUEST]: 404 | https://data.sanitino.eu/PRODUCT-100219/ceac02c3afb2e135b75ef10f?v=e801a6fd&size=feed-1080
 WARNING | 01-30-23 | 18:04:56 | Monday | [NO_REQUEST]: 404 | https://data.sanitino.eu/PRODUCT-100012/6249fd7acf9c24599a277677?v=6d8fc5d2&size=feed-1080
 WARNING | 01-30-23 | 18:04:57 | Monday | [NO_REQUEST]: 404 | https://data.sanitino.eu/PRODUCT-100111/a5e3b2ddd644439dd2808abb?v=4d076a81&size=feed-1080
 WARNING | 01-30-23 | 18:04:57 | Monday | [NO_REQUEST]: 404 | https://data.sanitino.eu/PRODUCT-100112/a1f21fc1f2129e58d148ae24?v=f43fbd1c&size=feed-1080
 DEBUG | 01-30-23 | 18:04:57 | Monday | 29000
 DEBUG | 01-30-23 | 18:05:13 | Monday | 30000
 WARNING | 01-30-23 | 18:05:14 | Monday | [NO_REQUEST]: 404 | https://data.sanitino.eu/PRODUCT-99628/14d8ca0989953fe958f60234?v=b4e05d45&size=feed-1080
 DEBUG | 01-30-23 | 18:05:28 | Monday | 31000
 WARNING | 01-30-23 | 18:05:34 | Monday | [NO_REQUEST]: 404 | https://data.sanitino.eu/PRODUCT-101800/9bf33c8582663ef9e06d732d?v=080e92f3&size=feed-1080
 WARNING | 01-30-23 | 18:05:37 | Monday | [NO_REQUEST]: 404 | https://data.sanitino.eu/PRODUCT-102088/c2fb33c122c30ee90ab167f5?v=b2a72ee0&size=feed-1080
 WARNING | 01-30-23 | 18:05:38 | Monday | [NO_REQUEST]: 404 | https://data.sanitino.eu/PRODUCT-102086/276a8393650522a5e92f7590?v=aa29fcaf&size=feed-1080
 DEBUG | 01-30-23 | 18:05:45 | Monday | 32000
 DEBUG | 01-30-23 | 18:06:02 | Monday | 33000
 WARNING | 01-30-23 | 18:06:08 | Monday | [NO_REQUEST]: 404 | https://data.sanitino.eu/PRODUCT-39496/4594a7ccfa716faf911fcb13?v=c4a418f5&size=feed-1080
 DEBUG | 01-30-23 | 18:06:23 | Monday | 34000
 WARNING | 01-30-23 | 18:06:33 | Monday | [NO_REQUEST]: 404 | https://data.sanitino.eu/PRODUCT-105274/a44f35608856db85bbd3b964?v=d8384714&size=feed-1080
 WARNING | 01-30-23 | 18:06:34 | Monday | [NO_REQUEST]: 404 | https://data.sanitino.eu/PRODUCT-105280/01ee7573590753f630ec550c?v=a32b0ae6&size=feed-1080
 WARNING | 01-30-23 | 18:06:34 | Monday | [NO_REQUEST]: 404 | https://data.sanitino.eu/PRODUCT-105278/c332fa04574d9510d461e081?v=8e5a8bbf&size=feed-1080
 WARNING | 01-30-23 | 18:06:34 | Monday | [NO_REQUEST]: 404 | https://data.sanitino.eu/PRODUCT-105279/01ee7573590753f630ec550c?v=0b48fc1e&size=feed-1080
 WARNING | 01-30-23 | 18:06:34 | Monday | [NO_REQUEST]: 404 | https://data.sanitino.eu/PRODUCT-105277/5f36dbfd26cbf5cc0fd1eb2c?v=86282713&size=feed-1080
 DEBUG | 01-30-23 | 18:06:59 | Monday | 35000
 DEBUG | 01-30-23 | 18:07:20 | Monday | 36000
 WARNING | 01-30-23 | 18:07:30 | Monday | [NO_REQUEST]: 404 | https://data.sanitino.eu/PRODUCT-106652/fb76ff17366407c02b4f4904?v=0ed20732&size=feed-1080
 WARNING | 01-30-23 | 18:07:30 | Monday | [NO_REQUEST]: 404 | https://data.sanitino.eu/PRODUCT-106648/fb76ff17366407c02b4f4904?v=343bbc25&size=feed-1080
 DEBUG | 01-30-23 | 18:07:46 | Monday | 37000
 WARNING | 01-30-23 | 18:07:53 | Monday | [NO_REQUEST]: 404 | https://data.sanitino.eu/PRODUCT-107921/dcca0f932cb57e19881fdd7e?v=43942805&size=feed-1080
 WARNING | 01-30-23 | 18:07:53 | Monday | [NO_REQUEST]: 404 | https://data.sanitino.eu/PRODUCT-107924/d900be580606353d19cee846?v=46cf6155&size=feed-1080
 WARNING | 01-30-23 | 18:07:54 | Monday | [NO_REQUEST]: 404 | https://data.sanitino.eu/PRODUCT-107927/9da89d4c4360c073f4d5a0d1?v=ba5bd133&size=feed-1080
 WARNING | 01-30-23 | 18:07:54 | Monday | [NO_REQUEST]: 404 | https://data.sanitino.eu/PRODUCT-107926/684a6105bed0b0fa4b50ebe4?v=b4b20836&size=feed-1080
 WARNING | 01-30-23 | 18:07:54 | Monday | [NO_REQUEST]: 404 | https://data.sanitino.eu/PRODUCT-107925/684d8ead55e9c4e86f7a24d6?v=429cadb6&size=feed-1080
 WARNING | 01-30-23 | 18:08:05 | Monday | [NO_REQUEST]: 404 | https://data.sanitino.eu/PRODUCT-108501/5ebd5955fabe4a206bf42f23?v=1db90a95&size=feed-1080
 DEBUG | 01-30-23 | 18:08:06 | Monday | 38000
 WARNING | 01-30-23 | 18:08:18 | Monday | [NO_REQUEST]: 404 | https://data.sanitino.eu/PRODUCT-109605/05dcc587c9121020cb69bbce?v=4e522e86&size=feed-1080
 WARNING | 01-30-23 | 18:08:18 | Monday | [NO_REQUEST]: 404 | https://data.sanitino.eu/PRODUCT-109602/e7ffa7c54b2882db0b628d4a?v=3cedfda2&size=feed-1080
 WARNING | 01-30-23 | 18:08:18 | Monday | [NO_REQUEST]: 404 | https://data.sanitino.eu/PRODUCT-109601/715a220ab7164e7a3fd999be?v=f2298b1b&size=feed-1080
 WARNING | 01-30-23 | 18:08:18 | Monday | [NO_REQUEST]: 404 | https://data.sanitino.eu/PRODUCT-109623/346f530cd793e8bd1f3703dc?v=e7b784e6&size=feed-1080
 WARNING | 01-30-23 | 18:08:18 | Monday | [NO_REQUEST]: 404 | https://data.sanitino.eu/PRODUCT-109610/e72863136bce8dda30f7dda9?v=9eadadbf&size=feed-1080
 WARNING | 01-30-23 | 18:08:18 | Monday | [NO_REQUEST]: 404 | https://data.sanitino.eu/PRODUCT-109624/9a5548613c99dbf11d068235?v=07ecbcde&size=feed-1080
 WARNING | 01-30-23 | 18:08:19 | Monday | [NO_REQUEST]: 404 | https://data.sanitino.eu/PRODUCT-109621/76088e7e1c839dbc314c0612?v=2d17329f&size=feed-1080
 WARNING | 01-30-23 | 18:08:19 | Monday | [NO_REQUEST]: 404 | https://data.sanitino.eu/PRODUCT-109647/64b07ca22b149850ad986e9a?v=c25ca6e7&size=feed-1080
 WARNING | 01-30-23 | 18:08:19 | Monday | [NO_REQUEST]: 404 | https://data.sanitino.eu/PRODUCT-109648/b49dab64ad3d23560198824c?v=564962bf&size=feed-1080
 WARNING | 01-30-23 | 18:08:19 | Monday | [NO_REQUEST]: 404 | https://data.sanitino.eu/PRODUCT-109645/2c4538993f8aac9e8595b218?v=ce599293&size=feed-1080
 WARNING | 01-30-23 | 18:08:19 | Monday | [NO_REQUEST]: 404 | https://data.sanitino.eu/PRODUCT-109651/76a195c622aafb16abf2b136?v=48c52bd1&size=feed-1080
 WARNING | 01-30-23 | 18:08:19 | Monday | [NO_REQUEST]: 404 | https://data.sanitino.eu/PRODUCT-109649/4137e213688bb909076326e1?v=bb348bd2&size=feed-1080
 WARNING | 01-30-23 | 18:08:19 | Monday | [NO_REQUEST]: 404 | https://data.sanitino.eu/PRODUCT-109661/2911a8e888ae4961a221c8cb?v=1e5c0f58&size=feed-1080
 WARNING | 01-30-23 | 18:08:19 | Monday | [NO_REQUEST]: 404 | https://data.sanitino.eu/PRODUCT-109653/26cb880ff3fb5805d829a6e3?v=39f3eb8e&size=feed-1080
 WARNING | 01-30-23 | 18:08:20 | Monday | [NO_REQUEST]: 404 | https://data.sanitino.eu/PRODUCT-109712/e5814847507dccc1780b5dee?v=8f25c1d0&size=feed-1080
 WARNING | 01-30-23 | 18:08:20 | Monday | [NO_REQUEST]: 404 | https://data.sanitino.eu/PRODUCT-109704/947a16269ccb38cf96a57d11?v=419f6804&size=feed-1080
 WARNING | 01-30-23 | 18:08:24 | Monday | [NO_REQUEST]: 404 | https://data.sanitino.eu/PRODUCT-109815/b068f0c56e09536e141c5a65?v=7bd6a5b7&size=feed-1080
 WARNING | 01-30-23 | 18:08:24 | Monday | [NO_REQUEST]: 404 | https://data.sanitino.eu/PRODUCT-109812/04041997039f3246ab22c3e6?v=3df8b27f&size=feed-1080
 WARNING | 01-30-23 | 18:08:25 | Monday | [NO_REQUEST]: 404 | https://data.sanitino.eu/PRODUCT-109816/881c061d2da51e1775cac5a9?v=d0ad4d35&size=feed-1080
 WARNING | 01-30-23 | 18:08:25 | Monday | [NO_REQUEST]: 404 | https://data.sanitino.eu/PRODUCT-109814/1c3e74ac437490b792262537?v=01db6813&size=feed-1080
 WARNING | 01-30-23 | 18:08:25 | Monday | [NO_REQUEST]: 404 | https://data.sanitino.eu/PRODUCT-109830/98e8fad197e630755ba1f3b6?v=4b446112&size=feed-1080
 WARNING | 01-30-23 | 18:08:25 | Monday | [NO_REQUEST]: 404 | https://data.sanitino.eu/PRODUCT-109833/1bbb89e352ffe087d837308d?v=d7ca9573&size=feed-1080
 WARNING | 01-30-23 | 18:08:25 | Monday | [NO_REQUEST]: 404 | https://data.sanitino.eu/PRODUCT-109832/297b0bad36606cbf75778904?v=c141676b&size=feed-1080
 WARNING | 01-30-23 | 18:08:26 | Monday | [NO_REQUEST]: 404 | https://data.sanitino.eu/PRODUCT-109928/a9bc458929e37d69cdb99ff4?v=e7aa0978&size=feed-1080
 WARNING | 01-30-23 | 18:08:27 | Monday | [NO_REQUEST]: 404 | https://data.sanitino.eu/PRODUCT-109940/86b39387baf05fff60c24dc8?v=ca12258c&size=feed-1080
 WARNING | 01-30-23 | 18:08:27 | Monday | [NO_REQUEST]: 404 | https://data.sanitino.eu/PRODUCT-109932/f8096daeacb520d275fefb39?v=e339597f&size=feed-1080
 WARNING | 01-30-23 | 18:08:27 | Monday | [NO_REQUEST]: 404 | https://data.sanitino.eu/PRODUCT-109936/ee703cb07dec50de1b72fc3a?v=a248f948&size=feed-1080
 DEBUG | 01-30-23 | 18:08:27 | Monday | 39000
 WARNING | 01-30-23 | 18:08:28 | Monday | [NO_REQUEST]: 404 | https://data.sanitino.eu/PRODUCT-109948/503b9836ac911c428557e96e?v=cfd094c6&size=feed-1080
 WARNING | 01-30-23 | 18:08:28 | Monday | [NO_REQUEST]: 404 | https://data.sanitino.eu/PRODUCT-109954/046e3191fce80e0da2cbac79?v=1ad33020&size=feed-1080
 WARNING | 01-30-23 | 18:08:28 | Monday | [NO_REQUEST]: 404 | https://data.sanitino.eu/PRODUCT-109974/ff3a58b90bfbe9c4bb19a851?v=32c2d661&size=feed-1080
 WARNING | 01-30-23 | 18:08:28 | Monday | [NO_REQUEST]: 404 | https://data.sanitino.eu/PRODUCT-109976/1910e233b202ced9f3ea2a26?v=570a4698&size=feed-1080
 WARNING | 01-30-23 | 18:08:28 | Monday | [NO_REQUEST]: 404 | https://data.sanitino.eu/PRODUCT-109966/52d98c8d369f1acacc997e0c?v=87fe00cb&size=feed-1080
 WARNING | 01-30-23 | 18:08:28 | Monday | [NO_REQUEST]: 404 | https://data.sanitino.eu/PRODUCT-109984/f529fe901b384662c75d37f9?v=02fd279d&size=feed-1080
 WARNING | 01-30-23 | 18:08:28 | Monday | [NO_REQUEST]: 404 | https://data.sanitino.eu/PRODUCT-109988/02ded4a34d968858cede710a?v=6f687b88&size=feed-1080
 WARNING | 01-30-23 | 18:08:28 | Monday | [NO_REQUEST]: 404 | https://data.sanitino.eu/PRODUCT-109992/fd09fb1d4e6d9015c475db91?v=fe7beb57&size=feed-1080
 WARNING | 01-30-23 | 18:08:28 | Monday | [NO_REQUEST]: 404 | https://data.sanitino.eu/PRODUCT-109998/e952d5835d85d33182b39f50?v=f408ca01&size=feed-1080
 WARNING | 01-30-23 | 18:08:28 | Monday | [NO_REQUEST]: 404 | https://data.sanitino.eu/PRODUCT-109996/c06364939feb277f70fd22e6?v=e686c17c&size=feed-1080
 WARNING | 01-30-23 | 18:08:29 | Monday | [NO_REQUEST]: 404 | https://data.sanitino.eu/PRODUCT-109986/da9485eae78a55ca47544412?v=9bc09558&size=feed-1080
 WARNING | 01-30-23 | 18:08:29 | Monday | [NO_REQUEST]: 404 | https://data.sanitino.eu/PRODUCT-109990/02ded4a34d968858cede710a?v=ef1255a2&size=feed-1080
 WARNING | 01-30-23 | 18:08:29 | Monday | [NO_REQUEST]: 404 | https://data.sanitino.eu/PRODUCT-109994/192ed60e22c83016995735f6?v=82db30d4&size=feed-1080
 WARNING | 01-30-23 | 18:08:29 | Monday | [NO_REQUEST]: 404 | https://data.sanitino.eu/PRODUCT-110000/0b185017e05f5578daef340b?v=d1876cde&size=feed-1080
 WARNING | 01-30-23 | 18:08:29 | Monday | [NO_REQUEST]: 404 | https://data.sanitino.eu/PRODUCT-110018/6a31b271474a9d66201f3e11?v=9d0ec613&size=feed-1080
 WARNING | 01-30-23 | 18:08:29 | Monday | [NO_REQUEST]: 404 | https://data.sanitino.eu/PRODUCT-109982/28d2049b82655bd5de478366?v=bb0be5e4&size=feed-1080
 WARNING | 01-30-23 | 18:08:29 | Monday | [NO_REQUEST]: 404 | https://data.sanitino.eu/PRODUCT-110008/a91a166689d2d459ed3dcbeb?v=da6d25dc&size=feed-1080
 WARNING | 01-30-23 | 18:08:29 | Monday | [NO_REQUEST]: 404 | https://data.sanitino.eu/PRODUCT-110006/7ec6bb4417922a5d65fd091b?v=ced4fd30&size=feed-1080
 WARNING | 01-30-23 | 18:08:29 | Monday | [NO_REQUEST]: 404 | https://data.sanitino.eu/PRODUCT-110020/bf4261a572c76684477c003f?v=2d1539be&size=feed-1080
 WARNING | 01-30-23 | 18:08:29 | Monday | [NO_REQUEST]: 404 | https://data.sanitino.eu/PRODUCT-110014/381db1a0c0885991902d3a7e?v=b2763fab&size=feed-1080
 WARNING | 01-30-23 | 18:08:29 | Monday | [NO_REQUEST]: 404 | https://data.sanitino.eu/PRODUCT-110016/9b45555d99b1ced1b65bee0b?v=03042b23&size=feed-1080
 WARNING | 01-30-23 | 18:08:29 | Monday | [NO_REQUEST]: 404 | https://data.sanitino.eu/PRODUCT-110012/85f5dfb3ab134fe5f0f93069?v=ca04a098&size=feed-1080
 WARNING | 01-30-23 | 18:08:29 | Monday | [NO_REQUEST]: 404 | https://data.sanitino.eu/PRODUCT-110010/96b91f5254918925988a6058?v=b16f194f&size=feed-1080
 WARNING | 01-30-23 | 18:08:30 | Monday | [NO_REQUEST]: 404 | https://data.sanitino.eu/PRODUCT-110026/be16f06486a069dee4c9091b?v=87e00144&size=feed-1080
 WARNING | 01-30-23 | 18:08:30 | Monday | [NO_REQUEST]: 404 | https://data.sanitino.eu/PRODUCT-110024/9c47fb9ef9531be2758d422a?v=d8366869&size=feed-1080
 WARNING | 01-30-23 | 18:08:30 | Monday | [NO_REQUEST]: 404 | https://data.sanitino.eu/PRODUCT-110028/c068533cbdcb1e38e3995a18?v=bb6b5b71&size=feed-1080
 WARNING | 01-30-23 | 18:08:30 | Monday | [NO_REQUEST]: 404 | https://data.sanitino.eu/PRODUCT-110030/cbfe03876c0c8d105308749d?v=802fee8e&size=feed-1080
 WARNING | 01-30-23 | 18:08:30 | Monday | [NO_REQUEST]: 404 | https://data.sanitino.eu/PRODUCT-110034/cfeacf84433ef5a4a61c2d17?v=1c490931&size=feed-1080
 WARNING | 01-30-23 | 18:08:30 | Monday | [NO_REQUEST]: 404 | https://data.sanitino.eu/PRODUCT-110022/88bb885e498ca4d6fad1b285?v=f40c4fe4&size=feed-1080
 WARNING | 01-30-23 | 18:08:35 | Monday | [NO_REQUEST]: 404 | https://data.sanitino.eu/PRODUCT-110621/a24ad021ecd74588060a50c4?v=2d4651b2&size=feed-1080
 WARNING | 01-30-23 | 18:08:35 | Monday | [NO_REQUEST]: 404 | https://data.sanitino.eu/PRODUCT-110620/3dfc364371c51cc1f51cc944?v=2a9b0481&size=feed-1080
 DEBUG | 01-30-23 | 18:08:43 | Monday | 40000
 DEBUG | 01-30-23 | 18:09:01 | Monday | 41000
 WARNING | 01-30-23 | 18:09:05 | Monday | [NO_REQUEST]: 404 | https://data.sanitino.eu/PRODUCT-112556/621e1550a979ec8664e03238?v=480f31ac&size=feed-1080
 WARNING | 01-30-23 | 18:09:06 | Monday | [NO_REQUEST]: 404 | https://data.sanitino.eu/PRODUCT-112599/5e5bc9a0918c1db4d290a034?v=c418ddde&size=feed-1080
 WARNING | 01-30-23 | 18:09:06 | Monday | [NO_REQUEST]: 404 | https://data.sanitino.eu/PRODUCT-112600/5e5bc9a0918c1db4d290a034?v=e39dec48&size=feed-1080
 WARNING | 01-30-23 | 18:09:06 | Monday | [NO_REQUEST]: 404 | https://data.sanitino.eu/PRODUCT-112598/5e5bc9a0918c1db4d290a034?v=cfab7515&size=feed-1080
 WARNING | 01-30-23 | 18:09:07 | Monday | [NO_REQUEST]: 404 | https://data.sanitino.eu/PRODUCT-88495/be491d4f763419498874d8ec?size=feed-1080
 WARNING | 01-30-23 | 18:09:12 | Monday | [NO_REQUEST]: 404 | https://data.sanitino.eu/PRODUCT-112778/da1596193b39725fd76ff9af?v=75b8e413&size=feed-1080
 WARNING | 01-30-23 | 18:09:16 | Monday | [NO_REQUEST]: 404 | https://data.sanitino.eu/PRODUCT-113035/ecc9a672608def1647bc4cf5?v=00f2c14a&size=feed-1080
 DEBUG | 01-30-23 | 18:09:17 | Monday | 42000
 WARNING | 01-30-23 | 18:09:19 | Monday | [NO_REQUEST]: 404 | https://data.sanitino.eu/PRODUCT-113225/fd531a5cd13618580816089c?v=232835ea&size=feed-1080
 WARNING | 01-30-23 | 18:09:23 | Monday | [NO_REQUEST]: 404 | https://data.sanitino.eu/PRODUCT-42631/51c76a188970befd2a47dd6e?v=21cbb012&size=feed-1080
 ERROR | 01-30-23 | 18:09:37 | Monday | https://data.sanitino.eu/PRODUCT-113915/6a0b965756afd50b986960a9?v=32e0a452&size=feed-1080
 DEBUG | 01-30-23 | 18:09:39 | Monday | 43000
 WARNING | 01-30-23 | 18:09:49 | Monday | [NO_REQUEST]: 404 | https://data.sanitino.eu/PRODUCT-114731/348c7b7128249e7fbf3c6105?v=3d518c3f&size=feed-1080
 WARNING | 01-30-23 | 18:09:55 | Monday | [NO_REQUEST]: 404 | https://data.sanitino.eu/PRODUCT-40842/ff0599c3f23c442c68693e12?v=27458453&size=feed-1080
 DEBUG | 01-30-23 | 18:10:01 | Monday | 44000
 WARNING | 01-30-23 | 18:10:30 | Monday | [NO_REQUEST]: 404 | https://data.sanitino.eu/PRODUCT-85608/44b119a182310047aaf5bd47?v=940acfb1&size=feed-1080
 WARNING | 01-30-23 | 18:10:30 | Monday | [NO_REQUEST]: 404 | https://data.sanitino.eu/PRODUCT-90860/7b1a35f880751c8cf05b69f7?v=1c28d160&size=feed-1080
 WARNING | 01-30-23 | 18:10:32 | Monday | [NO_REQUEST]: 404 | https://data.sanitino.eu/PRODUCT-115912/1f469f71f06b72b3a5b4b303?v=9ec39a4a&size=feed-1080
 DEBUG | 01-30-23 | 18:10:34 | Monday | 45000
 WARNING | 01-30-23 | 18:10:40 | Monday | [NO_REQUEST]: 404 | https://data.sanitino.eu/PRODUCT-116537/d322d176c941c63531a1c59d?v=d0ab731e&size=feed-1080
 WARNING | 01-30-23 | 18:10:40 | Monday | [NO_REQUEST]: 404 | https://data.sanitino.eu/PRODUCT-116538/1c0c1092abe7889671c0a2c6?v=5e570676&size=feed-1080
 WARNING | 01-30-23 | 18:10:40 | Monday | [NO_REQUEST]: 404 | https://data.sanitino.eu/PRODUCT-116536/7ea3bba3b92193a84da6b7e6?v=b5cccfa6&size=feed-1080
 WARNING | 01-30-23 | 18:10:42 | Monday | [NO_REQUEST]: 404 | https://data.sanitino.eu/PRODUCT-116586/fca03186a8131cf9421e9b84?v=a10d5c97&size=feed-1080
 WARNING | 01-30-23 | 18:10:42 | Monday | [NO_REQUEST]: 404 | https://data.sanitino.eu/PRODUCT-116587/ca8ea2dfebd8cbee042b1bbf?v=152d7b1f&size=feed-1080
 WARNING | 01-30-23 | 18:10:42 | Monday | [NO_REQUEST]: 404 | https://data.sanitino.eu/PRODUCT-116588/446fbd4e4f4b1ed1471e0168?v=4b9931a0&size=feed-1080
 WARNING | 01-30-23 | 18:10:42 | Monday | [NO_REQUEST]: 404 | https://data.sanitino.eu/PRODUCT-47663/4af1a039c8caabc8503b6786?v=7f6eb262&size=feed-1080
 WARNING | 01-30-23 | 18:10:55 | Monday | [NO_REQUEST]: 404 | https://data.sanitino.eu/PRODUCT-106650/fb76ff17366407c02b4f4904?v=94cefcaa&size=feed-1080
 DEBUG | 01-30-23 | 18:10:57 | Monday | 46000
 WARNING | 01-30-23 | 18:11:10 | Monday | [NO_REQUEST]: 404 | https://data.sanitino.eu/PRODUCT-117738/a91409938f4681efb7376cbd?v=af13eb23&size=feed-1080
 SUCCESS | 01-30-23 | 18:11:36 | Monday | [MAIN]: Time spend: 802.61s
